{"/Users/colco/Devel/bitpay-rates/dist/src/index.js": {"path":"/Users/colco/Devel/bitpay-rates/dist/src/index.js","statementMap":{"0":{"start":{"line":2,"column":22},"end":{"line":4,"column":1}},"1":{"start":{"line":3,"column":4},"end":{"line":3,"column":62}},"2":{"start":{"line":5,"column":0},"end":{"line":5,"column":62}},"3":{"start":{"line":6,"column":16},"end":{"line":6,"column":49}},"4":{"start":{"line":7,"column":0},"end":{"line":46,"column":2}},"5":{"start":{"line":8,"column":15},"end":{"line":8,"column":23}},"6":{"start":{"line":9,"column":13},"end":{"line":9,"column":36}},"7":{"start":{"line":10,"column":4},"end":{"line":17,"column":5}},"8":{"start":{"line":11,"column":8},"end":{"line":16,"column":9}},"9":{"start":{"line":12,"column":12},"end":{"line":12,"column":22}},"10":{"start":{"line":14,"column":13},"end":{"line":16,"column":9}},"11":{"start":{"line":15,"column":12},"end":{"line":15,"column":45}},"12":{"start":{"line":18,"column":4},"end":{"line":45,"column":7}},"13":{"start":{"line":19,"column":24},"end":{"line":24,"column":9}},"14":{"start":{"line":25,"column":8},"end":{"line":44,"column":11}},"15":{"start":{"line":26,"column":23},"end":{"line":26,"column":25}},"16":{"start":{"line":27,"column":12},"end":{"line":29,"column":15}},"17":{"start":{"line":28,"column":16},"end":{"line":28,"column":47}},"18":{"start":{"line":30,"column":12},"end":{"line":40,"column":15}},"19":{"start":{"line":31,"column":16},"end":{"line":39,"column":17}},"20":{"start":{"line":32,"column":35},"end":{"line":32,"column":51}},"21":{"start":{"line":33,"column":20},"end":{"line":33,"column":41}},"22":{"start":{"line":34,"column":20},"end":{"line":34,"column":49}},"23":{"start":{"line":37,"column":20},"end":{"line":37,"column":32}},"24":{"start":{"line":38,"column":20},"end":{"line":38,"column":35}},"25":{"start":{"line":42,"column":12},"end":{"line":42,"column":24}},"26":{"start":{"line":43,"column":12},"end":{"line":43,"column":27}},"27":{"start":{"line":47,"column":0},"end":{"line":47,"column":39}}},"fnMap":{"0":{"name":"(anonymous_0)","decl":{"start":{"line":2,"column":56},"end":{"line":2,"column":57}},"loc":{"start":{"line":2,"column":71},"end":{"line":4,"column":1}},"line":2},"1":{"name":"(anonymous_1)","decl":{"start":{"line":7,"column":14},"end":{"line":7,"column":15}},"loc":{"start":{"line":7,"column":34},"end":{"line":46,"column":1}},"line":7},"2":{"name":"(anonymous_2)","decl":{"start":{"line":9,"column":26},"end":{"line":9,"column":27}},"loc":{"start":{"line":9,"column":32},"end":{"line":9,"column":35}},"line":9},"3":{"name":"(anonymous_3)","decl":{"start":{"line":18,"column":23},"end":{"line":18,"column":24}},"loc":{"start":{"line":18,"column":44},"end":{"line":45,"column":5}},"line":18},"4":{"name":"(anonymous_4)","decl":{"start":{"line":25,"column":44},"end":{"line":25,"column":45}},"loc":{"start":{"line":25,"column":53},"end":{"line":41,"column":9}},"line":25},"5":{"name":"(anonymous_5)","decl":{"start":{"line":27,"column":27},"end":{"line":27,"column":28}},"loc":{"start":{"line":27,"column":38},"end":{"line":29,"column":13}},"line":27},"6":{"name":"(anonymous_6)","decl":{"start":{"line":30,"column":26},"end":{"line":30,"column":27}},"loc":{"start":{"line":30,"column":32},"end":{"line":40,"column":13}},"line":30},"7":{"name":"(anonymous_7)","decl":{"start":{"line":41,"column":23},"end":{"line":41,"column":24}},"loc":{"start":{"line":41,"column":32},"end":{"line":44,"column":9}},"line":41}},"branchMap":{"0":{"loc":{"start":{"line":2,"column":22},"end":{"line":4,"column":1}},"type":"binary-expr","locations":[{"start":{"line":2,"column":23},"end":{"line":2,"column":27}},{"start":{"line":2,"column":31},"end":{"line":2,"column":51}},{"start":{"line":2,"column":56},"end":{"line":4,"column":1}}],"line":2},"1":{"loc":{"start":{"line":3,"column":11},"end":{"line":3,"column":61}},"type":"cond-expr","locations":[{"start":{"line":3,"column":37},"end":{"line":3,"column":40}},{"start":{"line":3,"column":43},"end":{"line":3,"column":61}}],"line":3},"2":{"loc":{"start":{"line":3,"column":12},"end":{"line":3,"column":33}},"type":"binary-expr","locations":[{"start":{"line":3,"column":12},"end":{"line":3,"column":15}},{"start":{"line":3,"column":19},"end":{"line":3,"column":33}}],"line":3},"3":{"loc":{"start":{"line":9,"column":13},"end":{"line":9,"column":36}},"type":"binary-expr","locations":[{"start":{"line":9,"column":13},"end":{"line":9,"column":21}},{"start":{"line":9,"column":26},"end":{"line":9,"column":35}}],"line":9},"4":{"loc":{"start":{"line":10,"column":4},"end":{"line":17,"column":5}},"type":"if","locations":[{"start":{"line":10,"column":4},"end":{"line":17,"column":5}},{"start":{"line":10,"column":4},"end":{"line":17,"column":5}}],"line":10},"5":{"loc":{"start":{"line":11,"column":8},"end":{"line":16,"column":9}},"type":"if","locations":[{"start":{"line":11,"column":8},"end":{"line":16,"column":9}},{"start":{"line":11,"column":8},"end":{"line":16,"column":9}}],"line":11},"6":{"loc":{"start":{"line":14,"column":13},"end":{"line":16,"column":9}},"type":"if","locations":[{"start":{"line":14,"column":13},"end":{"line":16,"column":9}},{"start":{"line":14,"column":13},"end":{"line":16,"column":9}}],"line":14}},"s":{"0":1,"1":1,"2":1,"3":1,"4":1,"5":2,"6":2,"7":2,"8":2,"9":0,"10":2,"11":2,"12":2,"13":2,"14":2,"15":1,"16":1,"17":1,"18":1,"19":1,"20":1,"21":1,"22":1,"23":0,"24":0,"25":0,"26":0,"27":1},"f":{"0":1,"1":2,"2":1,"3":2,"4":1,"5":1,"6":1,"7":0},"b":{"0":[1,1,1],"1":[0,1],"2":[1,1],"3":[2,1],"4":[2,0],"5":[0,2],"6":[2,0]},"_coverageSchema":"1a1c01bbd47fc00a2c39e90264f33305004495a9","hash":"e96a398ca080cfa816fdb37db85d634ca7fe9877"}
,"/Users/colco/Devel/bitpay-rates/src/index.ts": {"path":"/Users/colco/Devel/bitpay-rates/src/index.ts","statementMap":{"0":{"start":{"line":1,"column":0},"end":{"line":1,"column":26}},"1":{"start":{"line":11,"column":13},"end":{"line":53,"column":2}},"2":{"start":{"line":12,"column":13},"end":{"line":12,"column":21}},"3":{"start":{"line":13,"column":11},"end":{"line":13,"column":39}},"4":{"start":{"line":15,"column":2},"end":{"line":21,"column":null}},"5":{"start":{"line":16,"column":4},"end":{"line":20,"column":null}},"6":{"start":{"line":17,"column":6},"end":{"line":17,"column":16}},"7":{"start":{"line":18,"column":11},"end":{"line":20,"column":null}},"8":{"start":{"line":19,"column":6},"end":{"line":19,"column":39}},"9":{"start":{"line":23,"column":2},"end":{"line":52,"column":5}},"10":{"start":{"line":24,"column":20},"end":{"line":29,"column":6}},"11":{"start":{"line":31,"column":4},"end":{"line":51,"column":7}},"12":{"start":{"line":32,"column":17},"end":{"line":32,"column":19}},"13":{"start":{"line":34,"column":6},"end":{"line":36,"column":9}},"14":{"start":{"line":35,"column":8},"end":{"line":35,"column":39}},"15":{"start":{"line":38,"column":6},"end":{"line":47,"column":9}},"16":{"start":{"line":39,"column":8},"end":{"line":46,"column":null}},"17":{"start":{"line":40,"column":25},"end":{"line":40,"column":41}},"18":{"start":{"line":41,"column":10},"end":{"line":41,"column":31}},"19":{"start":{"line":42,"column":10},"end":{"line":42,"column":39}},"20":{"start":{"line":44,"column":10},"end":{"line":44,"column":22}},"21":{"start":{"line":45,"column":10},"end":{"line":45,"column":25}},"22":{"start":{"line":49,"column":6},"end":{"line":49,"column":18}},"23":{"start":{"line":50,"column":6},"end":{"line":50,"column":21}},"24":{"start":{"line":55,"column":0},"end":{"line":55,"column":23}}},"fnMap":{"0":{"name":"(anonymous_1)","decl":{"start":{"line":11,"column":19},"end":{"line":11,"column":20}},"loc":{"start":{"line":11,"column":57},"end":{"line":53,"column":1}}},"1":{"name":"(anonymous_2)","decl":{"start":{"line":13,"column":24},"end":{"line":13,"column":33}},"loc":{"start":{"line":13,"column":35},"end":{"line":13,"column":38}}},"2":{"name":"(anonymous_3)","decl":{"start":{"line":23,"column":21},"end":{"line":23,"column":22}},"loc":{"start":{"line":23,"column":41},"end":{"line":52,"column":3}}},"3":{"name":"(anonymous_4)","decl":{"start":{"line":31,"column":30},"end":{"line":31,"column":31}},"loc":{"start":{"line":31,"column":38},"end":{"line":48,"column":5}}},"4":{"name":"(anonymous_5)","decl":{"start":{"line":34,"column":21},"end":{"line":34,"column":22}},"loc":{"start":{"line":34,"column":31},"end":{"line":36,"column":7}}},"5":{"name":"(anonymous_6)","decl":{"start":{"line":38,"column":20},"end":{"line":38,"column":23}},"loc":{"start":{"line":38,"column":25},"end":{"line":47,"column":7}}},"6":{"name":"(anonymous_7)","decl":{"start":{"line":48,"column":19},"end":{"line":48,"column":20}},"loc":{"start":{"line":48,"column":27},"end":{"line":51,"column":5}}}},"branchMap":{"0":{"loc":{"start":{"line":13,"column":11},"end":{"line":13,"column":19}},"type":"binary-expr","locations":[{"start":{"line":13,"column":11},"end":{"line":13,"column":19}},{"start":{"line":13,"column":24},"end":{"line":13,"column":38}}]},"1":{"loc":{"start":{"line":15,"column":2},"end":{"line":21,"column":null}},"type":"if","locations":[{"start":{"line":15,"column":2},"end":{"line":21,"column":null}},{"start":{"line":15,"column":2},"end":{"line":21,"column":null}}]},"2":{"loc":{"start":{"line":16,"column":4},"end":{"line":20,"column":null}},"type":"if","locations":[{"start":{"line":16,"column":4},"end":{"line":20,"column":null}},{"start":{"line":16,"column":4},"end":{"line":20,"column":null}}]},"3":{"loc":{"start":{"line":18,"column":11},"end":{"line":20,"column":null}},"type":"if","locations":[{"start":{"line":18,"column":11},"end":{"line":20,"column":null}},{"start":{"line":18,"column":11},"end":{"line":20,"column":null}}]}},"s":{"0":1,"1":1,"2":2,"3":2,"4":2,"5":2,"6":0,"7":2,"8":2,"9":2,"10":2,"11":2,"12":1,"13":1,"14":1,"15":1,"16":1,"17":1,"18":1,"19":1,"20":0,"21":0,"22":0,"23":0,"24":1},"f":{"0":2,"1":1,"2":2,"3":1,"4":1,"5":1,"6":0},"b":{"0":[2,1],"1":[2,0],"2":[0,2],"3":[2,0]}}
}
